{"timestamp": "2026-01-26T16:13:23.3372584-07:00", "task_id": "INFRA-01", "status": "success", "files_modified": ["STANDARDS.md", "PROGRESS.log", "freqtrade/", "brain/", "shared_data/", ".git/"]}
{"timestamp": "2026-01-26T16:16:39.7532700-07:00", "task_id": "INFRA-02", "status": "success", "files_modified": ["docker-compose.yml"]}
{"timestamp": "2026-01-26T16:22:00.0267802-07:00", "task_id": "INFRA-03", "status": "success", "files_modified": ["shared_data/init_db.py", "shared_data/signals.db"]}
{"timestamp": "2026-01-26T16:22:32.7422753-07:00", "task_id": "BODY-01", "status": "success", "files_modified": ["freqtrade/user_data/config.json"]}
{"timestamp": "2026-01-26T16:24:52.9527185-07:00", "task_id": "BODY-02", "status": "success", "files_modified": ["freqtrade/user_data/strategies/SidecarStrat.py"]}
{"timestamp": "2026-01-26T16:25:17.4100333-07:00", "task_id": "BRAIN-01", "status": "success", "files_modified": ["brain/Dockerfile", "brain/requirements.txt"]}
{"timestamp": "2026-01-26T16:27:29.5625377-07:00", "task_id": "BRAIN-02", "status": "success", "files_modified": ["brain/data.py"]}
{"timestamp": "2026-01-26T16:28:45.6156890-07:00", "task_id": "BRAIN-03", "status": "success", "files_modified": ["brain/logic.py", "brain/tests/test_logic.py", "brain/__init__.py"]}
{"timestamp": "2026-01-26T16:29:23.6867545-07:00", "task_id": "BRAIN-04", "status": "success", "files_modified": ["brain/execution.py"]}
{"timestamp": "2026-01-26T16:32:30.3147607-07:00", "task_id": "UI-01", "status": "success", "files_modified": ["brain/app.py"]}
{"timestamp": "2026-01-26T16:32:48.5718159-07:00", "task_id": "UI-02", "status": "success", "files_modified": ["brain/app.py"]}
{"timestamp": "2026-01-26T16:33:06.1442115-07:00", "task_id": "UI-03", "status": "success", "files_modified": ["brain/app.py"]}
{"timestamp": "2026-01-27T23:12:43.0200047-07:00", "task_id": "MERGE-DOCS-01", "status": "success", "files_modified": ["docs/PRD.md", "docs/BEADS.md", "beads/plan.yaml", ".beads/tasks.jsonl", "configs/", "scripts/", "reports/"]}
{"timestamp": "2026-01-27T23:15:03.4397530-07:00", "task_id": "MERGE-SCHED-01", "status": "success", "files_modified": ["scripts/run_2h_test.ps1", "PROGRESS.log"]}
{"timestamp": "2026-01-27T23:26:45.8354779-07:00", "task_id": "MERGE-REF-01", "status": "success", "files_modified": ["docs/ARCHITECTURE.md", "docs/COMPARISON_PLAN.md", "docs/DECISIONS.md", "docs/ENV_VARS.md", "docs/GETTING_STARTED_WINDOWS.md", "docs/IMPLEMENTATION_CHECKLIST.md", "docs/PAIR_MAPPING_TABLE.md", "docs/PREFLIGHT_CHECKLIST.md", "docs/REPORT_TEMPLATE.md", "docs/RISKS.md", "docs/RUNBOOK.md", "docs/SIGNAL_SCHEMA.md", "docs/TEST_PLAN.md", "docs/TROUBLESHOOTING.md", "docs/WORKSPACE_LAYOUT.md", "docs/", "README.md", "docs/reference/Trading-Buddy-Mac/"]}
{"timestamp": "2026-01-27T23:26:45.8354779-07:00", "task_id": "MERGE-TEST-START", "status": "success", "files_modified": ["scripts/run_until_10am.ps1", "reports/"]}
{"timestamp": "2026-01-27T23:31:46.9888480-07:00", "task_id": "MERGE-RUN-UNTIL-10AM", "status": "success", "files_modified": ["scripts/run_until_10am.ps1", "reports/merged-until-10am-*.log"]}
{"timestamp": "2026-01-27T23:45:56.9002293-07:00", "task_id": "MERGE-BUILD-CORE", "status": "success", "files_modified": ["shared_data/init_db.py", "brain/constants.py", "brain/signal_schema.py", "brain/signal_bus.py", "brain/strategy_fleet.py", "brain/chart_engine.py", "brain/signal_exporter.py", "brain/gateway.py", "brain/reporting.py", "brain/run_shotgun_test.py", "brain/data.py", "brain/execution.py", "freqtrade/user_data/strategies/SidecarStrat.py", "configs/pair_map.json", "configs/strategy_fleet.yaml", "brain/requirements.txt", "brain/tests/test_schema.py", "brain/tests/test_bus.py", "brain/tests/test_budgeter.py", "brain/tests/test_chart_engine.py", "brain/tests/test_guardrails.py", "brain/tests/test_gateway.py", "brain/tests/test_reporting.py"]}
{"timestamp": "2026-01-27T23:50:01.3273726-07:00", "task_id": "MERGE-RUN-START", "status": "success", "files_modified": ["reports/merged-until-10am-20260127_234926.log"]}
{"timestamp": "2026-01-27T23:52:19.9446301-07:00", "task_id": "MERGE-BUILD-EXTRAS", "status": "success", "files_modified": ["brain/tests/test_exporter.py", "scripts/run_plumbing_test.ps1", "scripts/build_comparison.ps1", "scripts/stress_bus.py"]}
{"timestamp": "2026-01-27T23:53:24.7167170-07:00", "task_id": "MERGE-RUN-START-FINAL", "status": "success", "files_modified": ["reports/merged-until-10am-20260127_235303.log"]}
{"timestamp": "2026-01-27T23:57:28.2422005-07:00", "task_id": "MERGE-ACTIVE-SETUP", "status": "success", "files_modified": ["Dockerfile.runner", "docker-compose.yml", "brain/gateway.py", "freqtrade/user_data/config.json", "scripts/run_until_10am.ps1", "scripts/run_plumbing_test.ps1", "scripts/run_2h_test.ps1"]}
{"timestamp": "2026-01-27T23:58:50.3072867-07:00", "task_id": "MERGE-TESTS", "status": "success", "files_modified": ["brain/tests/conftest.py", "brain/tests/test_budgeter.py", "PROGRESS.log"]}
{"timestamp": "2026-01-28T00:00:02.8904347-07:00", "task_id": "MERGE-RUN-START-20260128", "status": "success", "files_modified": ["reports/merged-until-10am-20260127_235933.log"]}
{"timestamp": "2026-01-28T00:53:40.4552605-07:00", "task_id": "MERGE-LIVE-FIX", "status": "success", "files_modified": ["docker-compose.yml", "Dockerfile.runner", "freqtrade/user_data/config.json", "configs/pair_map.json", "configs/strategy_fleet.yaml", "docs/PAIR_MAPPING_TABLE.md", "brain/data.py", "reports/runner-start.*.log", "reports/runner-run.*.log"]}

{"timestamp": "2026-01-28T08:49:36.773416", "task_id": "MERGE-ANALYSIS", "status": "success", "files_modified": ["reports/tradesv3.dryrun.sqlite", "reports/monitor-*.log"]}