#1 [internal] load local bake definitions
#1 reading from stdin 563B done
#1 DONE 0.0s

#2 [internal] load build definition from Dockerfile.runner
#2 DONE 0.0s

#2 [internal] load build definition from Dockerfile.runner
#2 transferring dockerfile: 220B done
#2 DONE 0.0s

#3 [internal] load metadata for docker.io/library/python:3.11-slim
#3 DONE 0.7s

#4 [internal] load .dockerignore
#4 transferring context: 2B done
#4 DONE 0.0s

#5 [1/4] FROM docker.io/library/python:3.11-slim@sha256:5be45dbade29bebd6886af6b438fd7e0b4eb7b611f39ba62b430263f82de36d2
#5 resolve docker.io/library/python:3.11-slim@sha256:5be45dbade29bebd6886af6b438fd7e0b4eb7b611f39ba62b430263f82de36d2 0.0s done
#5 ...

#6 [internal] load build context
#6 transferring context: 138B 0.0s done
#6 DONE 0.1s

#5 [1/4] FROM docker.io/library/python:3.11-slim@sha256:5be45dbade29bebd6886af6b438fd7e0b4eb7b611f39ba62b430263f82de36d2
#5 sha256:5b09819094bb89d5b2416ff2fb03f68666a5372c358cfd22f2b62d7f6660d906 0B / 1.29MB 0.2s
#5 sha256:0b2bf04f68e9f306a8a83f57c6ced322a23968bf3d5acebc07e055c090240826 250B / 250B 0.3s done
#5 sha256:3e731abb5c1dd05aef62585d392d31ad26089dc4c031730e5ab0225aef80b3f2 0B / 14.36MB 0.2s
#5 sha256:119d43eec815e5f9a47da3a7d59454581b1e204b0c34db86f171b7ceb3336533 0B / 29.77MB 0.2s
#5 sha256:5b09819094bb89d5b2416ff2fb03f68666a5372c358cfd22f2b62d7f6660d906 1.29MB / 1.29MB 0.3s done
#5 sha256:3e731abb5c1dd05aef62585d392d31ad26089dc4c031730e5ab0225aef80b3f2 2.10MB / 14.36MB 0.6s
#5 sha256:3e731abb5c1dd05aef62585d392d31ad26089dc4c031730e5ab0225aef80b3f2 4.19MB / 14.36MB 0.8s
#5 sha256:119d43eec815e5f9a47da3a7d59454581b1e204b0c34db86f171b7ceb3336533 4.19MB / 29.77MB 0.6s
#5 sha256:3e731abb5c1dd05aef62585d392d31ad26089dc4c031730e5ab0225aef80b3f2 6.29MB / 14.36MB 0.9s
#5 sha256:119d43eec815e5f9a47da3a7d59454581b1e204b0c34db86f171b7ceb3336533 7.34MB / 29.77MB 0.8s
#5 sha256:3e731abb5c1dd05aef62585d392d31ad26089dc4c031730e5ab0225aef80b3f2 8.39MB / 14.36MB 1.1s
#5 sha256:119d43eec815e5f9a47da3a7d59454581b1e204b0c34db86f171b7ceb3336533 9.44MB / 29.77MB 0.9s
#5 sha256:3e731abb5c1dd05aef62585d392d31ad26089dc4c031730e5ab0225aef80b3f2 11.53MB / 14.36MB 1.2s
#5 sha256:119d43eec815e5f9a47da3a7d59454581b1e204b0c34db86f171b7ceb3336533 11.53MB / 29.77MB 1.1s
#5 sha256:3e731abb5c1dd05aef62585d392d31ad26089dc4c031730e5ab0225aef80b3f2 13.63MB / 14.36MB 1.4s
#5 sha256:119d43eec815e5f9a47da3a7d59454581b1e204b0c34db86f171b7ceb3336533 14.68MB / 29.77MB 1.2s
#5 sha256:3e731abb5c1dd05aef62585d392d31ad26089dc4c031730e5ab0225aef80b3f2 14.36MB / 14.36MB 1.4s done
#5 sha256:119d43eec815e5f9a47da3a7d59454581b1e204b0c34db86f171b7ceb3336533 19.92MB / 29.77MB 1.5s
#5 sha256:119d43eec815e5f9a47da3a7d59454581b1e204b0c34db86f171b7ceb3336533 23.07MB / 29.77MB 1.7s
#5 sha256:119d43eec815e5f9a47da3a7d59454581b1e204b0c34db86f171b7ceb3336533 27.26MB / 29.77MB 1.8s
#5 sha256:119d43eec815e5f9a47da3a7d59454581b1e204b0c34db86f171b7ceb3336533 29.77MB / 29.77MB 1.9s done
#5 extracting sha256:119d43eec815e5f9a47da3a7d59454581b1e204b0c34db86f171b7ceb3336533
#5 extracting sha256:119d43eec815e5f9a47da3a7d59454581b1e204b0c34db86f171b7ceb3336533 0.5s done
#5 DONE 2.6s

#5 [1/4] FROM docker.io/library/python:3.11-slim@sha256:5be45dbade29bebd6886af6b438fd7e0b4eb7b611f39ba62b430263f82de36d2
#5 extracting sha256:5b09819094bb89d5b2416ff2fb03f68666a5372c358cfd22f2b62d7f6660d906 0.1s done
#5 extracting sha256:3e731abb5c1dd05aef62585d392d31ad26089dc4c031730e5ab0225aef80b3f2
#5 extracting sha256:3e731abb5c1dd05aef62585d392d31ad26089dc4c031730e5ab0225aef80b3f2 0.3s done
#5 DONE 3.0s

#5 [1/4] FROM docker.io/library/python:3.11-slim@sha256:5be45dbade29bebd6886af6b438fd7e0b4eb7b611f39ba62b430263f82de36d2
#5 extracting sha256:0b2bf04f68e9f306a8a83f57c6ced322a23968bf3d5acebc07e055c090240826 0.0s done
#5 DONE 3.0s

#7 [2/4] WORKDIR /workspace
#7 DONE 0.1s

#8 [3/4] COPY brain/requirements.txt /workspace/brain/requirements.txt
#8 DONE 0.0s

#9 [4/4] RUN pip install --no-cache-dir -r /workspace/brain/requirements.txt
#9 1.282 Collecting streamlit (from -r /workspace/brain/requirements.txt (line 1))
#9 1.420   Downloading streamlit-1.53.1-py3-none-any.whl.metadata (10 kB)
#9 1.503 ERROR: Ignored the following versions that require a different python version: 0.4.67b0 Requires-Python >=3.12; 0.4.71b0 Requires-Python >=3.12; 0.55.2 Requires-Python <3.5
#9 1.503 ERROR: Could not find a version that satisfies the requirement pandas-ta (from versions: none)
#9 1.503 ERROR: No matching distribution found for pandas-ta
#9 1.637 
#9 1.637 [notice] A new release of pip is available: 24.0 -> 25.3
#9 1.637 [notice] To update, run: pip install --upgrade pip
#9 ERROR: process "/bin/sh -c pip install --no-cache-dir -r /workspace/brain/requirements.txt" did not complete successfully: exit code: 1
------
 > [4/4] RUN pip install --no-cache-dir -r /workspace/brain/requirements.txt:
1.282 Collecting streamlit (from -r /workspace/brain/requirements.txt (line 1))
1.420   Downloading streamlit-1.53.1-py3-none-any.whl.metadata (10 kB)
1.503 ERROR: Ignored the following versions that require a different python version: 0.4.67b0 Requires-Python >=3.12; 0.4.71b0 Requires-Python >=3.12; 0.55.2 Requires-Python <3.5
1.503 ERROR: Could not find a version that satisfies the requirement pandas-ta (from versions: none)
1.503 ERROR: No matching distribution found for pandas-ta
1.637 
1.637 [notice] A new release of pip is available: 24.0 -> 25.3
1.637 [notice] To update, run: pip install --upgrade pip
------
